<?xml version="1.0" encoding="UTF-8"?>
<!-- Generated by org.testng.reporters.JUnitXMLReporter -->
<testsuite hostname="DESKTOP-KJI7EVB" ignored="0" name="Test" tests="7" failures="0" timestamp="09 Apr 2023 01:03:19 GMT" time="118.01" errors="0">
  <testcase name="VerifyErrorMessages" time="2.967" classname="Jupiter.toys.TestScripts.TC1_ContactPageMandatoryFields"/>
  <testcase name="ValidateSubmissionMessage" time="9.487" classname="Jupiter.toys.TestScripts.TC2_SuccesssfulSubmissionMessage"/>
  <testcase name="ValidateSubmissionMessage" time="2.212" classname="Jupiter.toys.TestScripts.TC2_SuccesssfulSubmissionMessage"/>
  <testcase name="ValidateSubmissionMessage" time="10.972" classname="Jupiter.toys.TestScripts.TC2_SuccesssfulSubmissionMessage"/>
  <testcase name="ValidateSubmissionMessage" time="10.759" classname="Jupiter.toys.TestScripts.TC2_SuccesssfulSubmissionMessage"/>
  <testcase name="ValidateSubmissionMessage" time="11.088" classname="Jupiter.toys.TestScripts.TC2_SuccesssfulSubmissionMessage"/>
  <testcase name="ValidateCartPage" time="1.899" classname="Jupiter.toys.TestScripts.TC3_CartPage"/>
</testsuite> <!-- Test -->
