<?xml version="1.0" encoding="UTF-8"?>
<!-- Generated by org.testng.reporters.JUnitXMLReporter -->
<testsuite hostname="DESKTOP-KJI7EVB" ignored="0" name="Test" tests="7" failures="0" timestamp="09 Apr 2023 01:51:09 GMT" time="142.232" errors="0">
  <testcase name="VerifyErrorMessages" time="7.541" classname="Jupiter.toys.TestScripts.TC1_ContactPageMandatoryFields"/>
  <testcase name="ValidateSubmissionMessage" time="6.925" classname="Jupiter.toys.TestScripts.TC2_SuccesssfulSubmissionMessage"/>
  <testcase name="ValidateSubmissionMessage" time="5.947" classname="Jupiter.toys.TestScripts.TC2_SuccesssfulSubmissionMessage"/>
  <testcase name="ValidateSubmissionMessage" time="3.187" classname="Jupiter.toys.TestScripts.TC2_SuccesssfulSubmissionMessage"/>
  <testcase name="ValidateSubmissionMessage" time="11.947" classname="Jupiter.toys.TestScripts.TC2_SuccesssfulSubmissionMessage"/>
  <testcase name="ValidateSubmissionMessage" time="7.055" classname="Jupiter.toys.TestScripts.TC2_SuccesssfulSubmissionMessage"/>
  <testcase name="ValidateCartPage" time="2.046" classname="Jupiter.toys.TestScripts.TC3_CartPage"/>
</testsuite> <!-- Test -->
