<?xml version="1.0" encoding="UTF-8"?>
<testng-results skipped="0" failed="0" ignored="0" total="1" passed="1">
  <reporter-output>
  </reporter-output>
  <suite name="Default suite" duration-ms="14648" started-at="2023-04-09T02:44:06Z" finished-at="2023-04-09T02:44:20Z">
    <groups>
    </groups>
    <test name="Default test" duration-ms="14648" started-at="2023-04-09T02:44:06Z" finished-at="2023-04-09T02:44:20Z">
      <class name="Jupiter.toys.TestScripts.TC1_ContactPageMandatoryFields">
        <test-method status="PASS" signature="BrowserLaunch()[pri:0, instance:Jupiter.toys.TestScripts.TC1_ContactPageMandatoryFields@5bd03f44]" name="BrowserLaunch" is-config="true" duration-ms="11669" started-at="2023-04-09T02:44:06Z" finished-at="2023-04-09T02:44:17Z">
          <reporter-output>
          </reporter-output>
        </test-method> <!-- BrowserLaunch -->
        <test-method status="PASS" signature="VerifyErrorMessages()[pri:0, instance:Jupiter.toys.TestScripts.TC1_ContactPageMandatoryFields@5bd03f44]" name="VerifyErrorMessages" duration-ms="2440" started-at="2023-04-09T02:44:17Z" finished-at="2023-04-09T02:44:20Z">
          <reporter-output>
          </reporter-output>
        </test-method> <!-- VerifyErrorMessages -->
        <test-method status="PASS" signature="BrowserClose()[pri:0, instance:Jupiter.toys.TestScripts.TC1_ContactPageMandatoryFields@5bd03f44]" name="BrowserClose" is-config="true" duration-ms="503" started-at="2023-04-09T02:44:20Z" finished-at="2023-04-09T02:44:20Z">
          <reporter-output>
          </reporter-output>
        </test-method> <!-- BrowserClose -->
      </class> <!-- Jupiter.toys.TestScripts.TC1_ContactPageMandatoryFields -->
    </test> <!-- Default test -->
  </suite> <!-- Default suite -->
</testng-results>
